[debug] [2025-10-26T12:26:43.160Z] ----------------------------------------------------------------------
[debug] [2025-10-26T12:26:43.166Z] Command:       C:\Program Files\nodejs\node.exe C:\Users\Anony\AppData\Roaming\npm\node_modules\firebase-tools\lib\bin\firebase.js init
[debug] [2025-10-26T12:26:43.166Z] CLI Version:   14.22.0
[debug] [2025-10-26T12:26:43.167Z] Platform:      win32
[debug] [2025-10-26T12:26:43.167Z] Node Version:  v22.14.0
[debug] [2025-10-26T12:26:43.167Z] Time:          Sun Oct 26 2025 05:26:43 GMT-0700 (Pacific Daylight Time)
[debug] [2025-10-26T12:26:43.168Z] ----------------------------------------------------------------------
[debug] 
[info] 
     ######## #### ########  ######## ########     ###     ######  ########
     ##        ##  ##     ## ##       ##     ##  ##   ##  ##       ##
     ######    ##  ########  ######   ########  #########  ######  ######
     ##        ##  ##    ##  ##       ##     ## ##     ##       ## ##
     ##       #### ##     ## ######## ########  ##     ##  ######  ########

You're about to initialize a Firebase project in this directory:

  C:\Users\Anony\Desktop\python-typing-test

[debug] [2025-10-26T12:26:47.224Z] ExitPromptError: User force closed the prompt with SIGINT
    at Interface.sigint (C:\Users\Anony\AppData\Roaming\npm\node_modules\firebase-tools\node_modules\@inquirer\core\dist\commonjs\lib\create-prompt.js:101:37)
    at Interface.emit (node:events:518:28)
    at Interface.emit (node:domain:489:12)
    at [_ttyWrite] [as _ttyWrite] (node:internal/readline/interface:1124:18)
    at ReadStream.onkeypress (node:internal/readline/interface:263:20)
    at ReadStream.emit (node:events:530:35)
    at ReadStream.emit (node:domain:489:12)
    at emitKeys (node:internal/readline/utils:370:14)
    at emitKeys.next (<anonymous>)
    at ReadStream.onData (node:internal/readline/emitKeypressEvents:64:36)
[error] 
[error] Error: An unexpected error has occurred.
